{"/Users/egoranisimov/Documents/projects/React/PokemonDesk/src/components/Heading/index.tsx": {"path":"/Users/egoranisimov/Documents/projects/React/PokemonDesk/src/components/Heading/index.tsx","statementMap":{"0":{"start":{"line":1,"column":0},"end":{"line":1,"column":26}},"1":{"start":{"line":2,"column":0},"end":{"line":2,"column":28}},"2":{"start":{"line":3,"column":0},"end":{"line":3,"column":38}},"3":{"start":{"line":9,"column":37},"end":{"line":15,"column":null}},"4":{"start":{"line":22,"column":41},"end":{"line":28,"column":1}},"5":{"start":{"line":22,"column":52},"end":{"line":22,"column":54}},"6":{"start":{"line":22,"column":54},"end":{"line":22,"column":58}},"7":{"start":{"line":22,"column":58},"end":{"line":22,"column":67}},"8":{"start":{"line":22,"column":76},"end":{"line":22,"column":78}},"9":{"start":{"line":23,"column":23},"end":{"line":25,"column":4}},"10":{"start":{"line":27,"column":2},"end":{"line":27,"column":80}},"11":{"start":{"line":30,"column":0},"end":{"line":30,"column":23}}},"fnMap":{"0":{"name":"(anonymous_1)","decl":{"start":{"line":22,"column":41},"end":{"line":22,"column":42}},"loc":{"start":{"line":22,"column":78},"end":{"line":28,"column":1}}}},"branchMap":{"0":{"loc":{"start":{"line":22,"column":61},"end":{"line":22,"column":65}},"type":"cond-expr","locations":[{"start":{"line":22,"column":61},"end":{"line":22,"column":65}},{"start":{"line":22,"column":65},"end":{"line":22,"column":67}}]}},"s":{"0":1,"1":1,"2":1,"3":1,"4":1,"5":3,"6":3,"7":3,"8":3,"9":3,"10":3,"11":1},"f":{"0":3},"b":{"0":[2,1]}}
}
